# JRE version: Java(TM) SE Runtime Environment (8.0_201-b09) (build 1.8.0_201-b09)
# Java VM: Java HotSpot(TM) 64-Bit Server VM (25.201-b09 mixed mode linux-amd64 compressed oops)
Heap:
 PSYoungGen      total 601600K, used 501761K [0x0000000580100000, 0x00000005aa000000, 0x0000000800000000)
  eden space 516096K, 97% used [0x0000000580100000,0x000000059eb00770,0x000000059f900000)
  from space 85504K, 0% used [0x000000059f900000,0x000000059f900000,0x00000005a4c80000)
  to   space 85504K, 0% used [0x00000005a4c80000,0x00000005a4c80000,0x00000005aa000000)
 ParOldGen       total 4653568K, used 4606509K [0x0000000080200000, 0x000000019c280000, 0x0000000580100000)
  object space 4653568K, 98% used [0x0000000080200000,0x000000019948b738,0x000000019c280000)
 Metaspace       used 21398K, capacity 21630K, committed 21936K, reserved 1069056K
  class space    used 2649K, capacity 2704K, committed 2816K, reserved 1048576K
GC Heap History (4 events):
Event: 17.495 GC heap before
{Heap before GC invocations=1 (full 0):
 PSYoungGen      total 601600K, used 218651K [0x0000000580100000, 0x00000005aa000000, 0x0000000800000000)
  eden space 516096K, 42% used [0x0000000580100000,0x000000058d686c28,0x000000059f900000)
  from space 85504K, 0% used [0x00000005a4c80000,0x00000005a4c80000,0x00000005aa000000)
  to   space 85504K, 0% used [0x000000059f900000,0x000000059f900000,0x00000005a4c80000)
 ParOldGen       total 1375232K, used 0K [0x0000000080200000, 0x00000000d4100000, 0x0000000580100000)
  object space 1375232K, 0% used [0x0000000080200000,0x0000000080200000,0x00000000d4100000)
 Metaspace       used 20961K, capacity 21150K, committed 21296K, reserved 1069056K
  class space    used 2604K, capacity 2672K, committed 2688K, reserved 1048576K
Event: 17.541 GC heap after
Heap after GC invocations=1 (full 0):
 PSYoungGen      total 601600K, used 34070K [0x0000000580100000, 0x00000005aa000000, 0x0000000800000000)
  eden space 516096K, 0% used [0x0000000580100000,0x0000000580100000,0x000000059f900000)
  from space 85504K, 39% used [0x000000059f900000,0x00000005a1a45ab0,0x00000005a4c80000)
  to   space 85504K, 0% used [0x00000005a4c80000,0x00000005a4c80000,0x00000005aa000000)
 ParOldGen       total 1375232K, used 104K [0x0000000080200000, 0x00000000d4100000, 0x0000000580100000)
  object space 1375232K, 0% used [0x0000000080200000,0x000000008021a010,0x00000000d4100000)
 Metaspace       used 20961K, capacity 21150K, committed 21296K, reserved 1069056K
  class space    used 2604K, capacity 2672K, committed 2688K, reserved 1048576K
}
Event: 17.541 GC heap before
{Heap before GC invocations=2 (full 1):
 PSYoungGen      total 601600K, used 34070K [0x0000000580100000, 0x00000005aa000000, 0x0000000800000000)
  eden space 516096K, 0% used [0x0000000580100000,0x0000000580100000,0x000000059f900000)
  from space 85504K, 39% used [0x000000059f900000,0x00000005a1a45ab0,0x00000005a4c80000)
  to   space 85504K, 0% used [0x00000005a4c80000,0x00000005a4c80000,0x00000005aa000000)
 ParOldGen       total 1375232K, used 104K [0x0000000080200000, 0x00000000d4100000, 0x0000000580100000)
  object space 1375232K, 0% used [0x0000000080200000,0x000000008021a010,0x00000000d4100000)
 Metaspace       used 20961K, capacity 21150K, committed 21296K, reserved 1069056K
  class space    used 2604K, capacity 2672K, committed 2688K, reserved 1048576K
Event: 17.622 GC heap after
Heap after GC invocations=2 (full 1):
 PSYoungGen      total 601600K, used 0K [0x0000000580100000, 0x00000005aa000000, 0x0000000800000000)
  eden space 516096K, 0% used [0x0000000580100000,0x0000000580100000,0x000000059f900000)
  from space 85504K, 0% used [0x000000059f900000,0x000000059f900000,0x00000005a4c80000)
  to   space 85504K, 0% used [0x00000005a4c80000,0x00000005a4c80000,0x00000005aa000000)
 ParOldGen       total 534016K, used 17760K [0x0000000080200000, 0x00000000a0b80000, 0x0000000580100000)
  object space 534016K, 3% used [0x0000000080200000,0x0000000081358040,0x00000000a0b80000)
 Metaspace       used 20961K, capacity 21150K, committed 21296K, reserved 1069056K
  class space    used 2604K, capacity 2672K, committed 2688K, reserved 1048576K
}

